#
# There is insufficient memory for the Java Runtime Environment to continue.
# Native memory allocation (malloc) failed to allocate 2151056 bytes for Chunk::new
# Possible reasons:
#   The system is out of physical RAM or swap space
#   In 32 bit mode, the process size limit was hit
# Possible solutions:
#   Reduce memory load on the system
#   Increase physical memory or swap space
#   Check if swap backing store is full
#   Use 64 bit Java on a 64 bit OS
#   Decrease Java heap size (-Xmx/-Xms)
#   Decrease number of Java threads
#   Decrease Java thread stack sizes (-Xss)
#   Set larger code cache with -XX:ReservedCodeCacheSize=
# This output file may be truncated or incomplete.
#
#  Out of Memory Error (allocation.cpp:390), pid=11168, tid=3000
#
# JRE version: Java(TM) SE Runtime Environment (8.0_25-b18) (build 1.8.0_25-b18)
# Java VM: Java HotSpot(TM) 64-Bit Server VM (25.25-b02 mixed mode windows-amd64 compressed oops)
# Failed to write core dump. Minidumps are not enabled by default on client versions of Windows
#

---------------  T H R E A D  ---------------

Current thread (0x00000000192b2800):  JavaThread "C2 CompilerThread1" daemon [_thread_in_native, id=3000, stack(0x0000000019960000,0x0000000019a60000)]

Stack: [0x0000000019960000,0x0000000019a60000]
Native frames: (J=compiled Java code, j=interpreted, Vv=VM code, C=native code)
V  [jvm.dll+0x31667a]
V  [jvm.dll+0x267073]
V  [jvm.dll+0x267cb3]
V  [jvm.dll+0x25f5b5]
V  [jvm.dll+0xbf165]
V  [jvm.dll+0xbf60c]
V  [jvm.dll+0x45d672]
V  [jvm.dll+0x49e8ef]
V  [jvm.dll+0x452668]
V  [jvm.dll+0x453864]
V  [jvm.dll+0x437372]
V  [jvm.dll+0x98a02]
V  [jvm.dll+0x991f3]
V  [jvm.dll+0x22bde4]
V  [jvm.dll+0x2852fa]
C  [msvcr100.dll+0x21d9f]
C  [msvcr100.dll+0x21e3b]
C  [KERNEL32.DLL+0x8364]
C  [ntdll.dll+0x670d1]


Current CompileTask:
C2:  12639 2818   !   4       org.apache.catalina.startup.ContextConfig::populateJavaClassCache (270 bytes)


---------------  P R O C E S S  ---------------

Java Threads: ( => current thread )
  0x000000001a09a000 JavaThread "SeedGenerator Thread" daemon [_thread_blocked, id=808, stack(0x000000001fe70000,0x000000001ff70000)]
  0x000000001a098800 JavaThread "http-nio-8443-Acceptor-0" daemon [_thread_in_native, id=13624, stack(0x000000001fd70000,0x000000001fe70000)]
  0x000000001a096800 JavaThread "http-nio-8443-ClientPoller-1" daemon [_thread_in_native, id=12928, stack(0x000000001fc70000,0x000000001fd70000)]
  0x000000001a095000 JavaThread "http-nio-8443-ClientPoller-0" daemon [_thread_in_native, id=8864, stack(0x000000001fb70000,0x000000001fc70000)]
  0x000000001a095800 JavaThread "http-nio-8090-Acceptor-0" daemon [_thread_in_native, id=10388, stack(0x000000001fa70000,0x000000001fb70000)]
  0x000000001b496800 JavaThread "http-nio-8090-ClientPoller-1" daemon [_thread_in_native, id=5608, stack(0x000000001f970000,0x000000001fa70000)]
  0x000000001caa4800 JavaThread "http-nio-8090-ClientPoller-0" daemon [_thread_in_native, id=12844, stack(0x000000001f870000,0x000000001f970000)]
  0x000000001a2cd000 JavaThread "localhost-startStop-1" daemon [_thread_blocked, id=13104, stack(0x000000001ef70000,0x000000001f070000)]
  0x000000001a2ff000 JavaThread "Tomcat-startStop-1" daemon [_thread_blocked, id=5864, stack(0x000000001ee70000,0x000000001ef70000)]
  0x000000001a2fe000 JavaThread "NioBlockingSelector.BlockPoller-2" daemon [_thread_in_native, id=12944, stack(0x000000001ed70000,0x000000001ee70000)]
  0x000000001caad000 JavaThread "SeedGenerator Thread" daemon [_thread_in_Java, id=11320, stack(0x000000001d770000,0x000000001d870000)]
  0x000000001c45d000 JavaThread "NioBlockingSelector.BlockPoller-1" daemon [_thread_in_native, id=12156, stack(0x000000001b9d0000,0x000000001bad0000)]
  0x00000000192dc000 JavaThread "Service Thread" daemon [_thread_blocked, id=10840, stack(0x0000000019b60000,0x0000000019c60000)]
  0x00000000192b5800 JavaThread "C1 CompilerThread2" daemon [_thread_blocked, id=10768, stack(0x0000000019a60000,0x0000000019b60000)]
=>0x00000000192b2800 JavaThread "C2 CompilerThread1" daemon [_thread_in_native, id=3000, stack(0x0000000019960000,0x0000000019a60000)]
  0x0000000017f6b800 JavaThread "C2 CompilerThread0" daemon [_thread_blocked, id=9984, stack(0x0000000019860000,0x0000000019960000)]
  0x0000000019268800 JavaThread "Attach Listener" daemon [_thread_blocked, id=4884, stack(0x0000000019760000,0x0000000019860000)]
  0x0000000017f20000 JavaThread "Signal Dispatcher" daemon [_thread_blocked, id=13532, stack(0x0000000019660000,0x0000000019760000)]
  0x0000000003278000 JavaThread "Finalizer" daemon [_thread_blocked, id=5224, stack(0x0000000019160000,0x0000000019260000)]
  0x000000000326f000 JavaThread "Reference Handler" daemon [_thread_blocked, id=3824, stack(0x0000000019060000,0x0000000019160000)]
  0x0000000003183000 JavaThread "main" [_thread_in_native, id=3860, stack(0x0000000002d20000,0x0000000002e20000)]

Other Threads:
  0x0000000017ed6800 VMThread [stack: 0x0000000018f60000,0x0000000019060000] [id=13456]
  0x00000000192df000 WatcherThread [stack: 0x0000000019c60000,0x0000000019d60000] [id=13012]

VM state:not at safepoint (normal execution)

VM Mutex/Monitor currently owned by a thread: None

Heap:
 PSYoungGen      total 111616K, used 56167K [0x00000000d5980000, 0x00000000dde80000, 0x0000000100000000)
  eden space 95232K, 42% used [0x00000000d5980000,0x00000000d80f51b8,0x00000000db680000)
  from space 16384K, 96% used [0x00000000dc900000,0x00000000dd864c80,0x00000000dd900000)
  to   space 18944K, 0% used [0x00000000db680000,0x00000000db680000,0x00000000dc900000)
 ParOldGen       total 79360K, used 27656K [0x0000000080c00000, 0x0000000085980000, 0x00000000d5980000)
  object space 79360K, 34% used [0x0000000080c00000,0x0000000082702160,0x0000000085980000)
 Metaspace       used 26068K, capacity 26738K, committed 26928K, reserved 1073152K
  class space    used 3081K, capacity 3346K, committed 3376K, reserved 1048576K

Card table byte_map: [0x0000000012720000,0x0000000012b20000] byte_map_base: 0x000000001231a000

Marking Bits: (ParMarkBitMap*) 0x000000005268d490
 Begin Bits: [0x00000000131d0000, 0x00000000151a0000)
 End Bits:   [0x00000000151a0000, 0x0000000017170000)

Polling page: 0x0000000001770000

CodeCache: size=245760Kb used=10648Kb max_used=10744Kb free=235111Kb
 bounds [0x0000000003360000, 0x0000000003e00000, 0x0000000012360000]
 total_blobs=3332 nmethods=2667 adapters=577
 compilation: enabled

Compilation events (10 events):
Event: 12.224 Thread 0x0000000017f6b800 2844       4       com.sun.org.apache.xerces.internal.impl.XMLEntityScanner::peekChar (63 bytes)
Event: 12.225 Thread 0x0000000017f6b800 nmethod 2844 0x00000000034c9ed0 code [0x00000000034ca020, 0x00000000034ca148]
Event: 12.225 Thread 0x0000000017f6b800 2848       4       com.sun.org.apache.xerces.internal.impl.XMLEntityScanner::skipChar (230 bytes)
Event: 12.227 Thread 0x0000000017f6b800 nmethod 2848 0x000000000348c7d0 code [0x000000000348c940, 0x000000000348cb98]
Event: 12.227 Thread 0x0000000017f6b800 2858       4       com.sun.org.apache.xerces.internal.util.XMLChar::isNameStart (22 bytes)
Event: 12.228 Thread 0x0000000017f6b800 nmethod 2858 0x0000000003562950 code [0x0000000003562a80, 0x0000000003562af8]
Event: 12.228 Thread 0x0000000017f6b800 2922       4       groovyjarjarasm.asm.Item::a (354 bytes)
Event: 12.230 Thread 0x00000000192b5800 2923       1       org.codehaus.groovy.reflection.CachedClass::getModifiers (5 bytes)
Event: 12.230 Thread 0x00000000192b5800 nmethod 2923 0x0000000003a33650 code [0x0000000003a337a0, 0x0000000003a338b0]
Event: 12.233 Thread 0x0000000017f6b800 nmethod 2922 0x0000000003a03290 code [0x0000000003a03540, 0x0000000003a03f58]

GC Heap History (10 events):
Event: 4.174 GC heap before
{Heap before GC invocations=3 (full 0):
 PSYoungGen      total 38400K, used 38392K [0x00000000d5980000, 0x00000000d8400000, 0x0000000100000000)
  eden space 33280K, 100% used [0x00000000d5980000,0x00000000d7a00000,0x00000000d7a00000)
  from space 5120K, 99% used [0x00000000d7f00000,0x00000000d83fe010,0x00000000d8400000)
  to   space 5120K, 0% used [0x00000000d7a00000,0x00000000d7a00000,0x00000000d7f00000)
 ParOldGen       total 87552K, used 7293K [0x0000000080c00000, 0x0000000086180000, 0x00000000d5980000)
  object space 87552K, 8% used [0x0000000080c00000,0x000000008131f488,0x0000000086180000)
 Metaspace       used 18342K, capacity 18788K, committed 18944K, reserved 1067008K
  class space    used 2143K, capacity 2279K, committed 2304K, reserved 1048576K
Event: 4.211 GC heap after
Heap after GC invocations=3 (full 0):
 PSYoungGen      total 38400K, used 5096K [0x00000000d5980000, 0x00000000da480000, 0x0000000100000000)
  eden space 33280K, 0% used [0x00000000d5980000,0x00000000d5980000,0x00000000d7a00000)
  from space 5120K, 99% used [0x00000000d7a00000,0x00000000d7efa040,0x00000000d7f00000)
  to   space 5120K, 0% used [0x00000000d9f80000,0x00000000d9f80000,0x00000000da480000)
 ParOldGen       total 87552K, used 16342K [0x0000000080c00000, 0x0000000086180000, 0x00000000d5980000)
  object space 87552K, 18% used [0x0000000080c00000,0x0000000081bf5aa0,0x0000000086180000)
 Metaspace       used 18342K, capacity 18788K, committed 18944K, reserved 1067008K
  class space    used 2143K, capacity 2279K, committed 2304K, reserved 1048576K
}
Event: 4.494 GC heap before
{Heap before GC invocations=4 (full 0):
 PSYoungGen      total 38400K, used 11744K [0x00000000d5980000, 0x00000000da480000, 0x0000000100000000)
  eden space 33280K, 19% used [0x00000000d5980000,0x00000000d5ffe2e0,0x00000000d7a00000)
  from space 5120K, 99% used [0x00000000d7a00000,0x00000000d7efa040,0x00000000d7f00000)
  to   space 5120K, 0% used [0x00000000d9f80000,0x00000000d9f80000,0x00000000da480000)
 ParOldGen       total 87552K, used 16342K [0x0000000080c00000, 0x0000000086180000, 0x00000000d5980000)
  object space 87552K, 18% used [0x0000000080c00000,0x0000000081bf5aa0,0x0000000086180000)
 Metaspace       used 20677K, capacity 21154K, committed 21296K, reserved 1069056K
  class space    used 2409K, capacity 2561K, committed 2608K, reserved 1048576K
Event: 4.523 GC heap after
Heap after GC invocations=4 (full 0):
 PSYoungGen      total 71680K, used 5096K [0x00000000d5980000, 0x00000000da480000, 0x0000000100000000)
  eden space 66560K, 0% used [0x00000000d5980000,0x00000000d5980000,0x00000000d9a80000)
  from space 5120K, 99% used [0x00000000d9f80000,0x00000000da47a040,0x00000000da480000)
  to   space 5120K, 0% used [0x00000000d9a80000,0x00000000d9a80000,0x00000000d9f80000)
 ParOldGen       total 87552K, used 17746K [0x0000000080c00000, 0x0000000086180000, 0x00000000d5980000)
  object space 87552K, 20% used [0x0000000080c00000,0x0000000081d54a80,0x0000000086180000)
 Metaspace       used 20677K, capacity 21154K, committed 21296K, reserved 1069056K
  class space    used 2409K, capacity 2561K, committed 2608K, reserved 1048576K
}
Event: 4.523 GC heap before
{Heap before GC invocations=5 (full 1):
 PSYoungGen      total 71680K, used 5096K [0x00000000d5980000, 0x00000000da480000, 0x0000000100000000)
  eden space 66560K, 0% used [0x00000000d5980000,0x00000000d5980000,0x00000000d9a80000)
  from space 5120K, 99% used [0x00000000d9f80000,0x00000000da47a040,0x00000000da480000)
  to   space 5120K, 0% used [0x00000000d9a80000,0x00000000d9a80000,0x00000000d9f80000)
 ParOldGen       total 87552K, used 17746K [0x0000000080c00000, 0x0000000086180000, 0x00000000d5980000)
  object space 87552K, 20% used [0x0000000080c00000,0x0000000081d54a80,0x0000000086180000)
 Metaspace       used 20677K, capacity 21154K, committed 21296K, reserved 1069056K
  class space    used 2409K, capacity 2561K, committed 2608K, reserved 1048576K
Event: 4.652 GC heap after
Heap after GC invocations=5 (full 1):
 PSYoungGen      total 71680K, used 0K [0x00000000d5980000, 0x00000000da480000, 0x0000000100000000)
  eden space 66560K, 0% used [0x00000000d5980000,0x00000000d5980000,0x00000000d9a80000)
  from space 5120K, 0% used [0x00000000d9f80000,0x00000000d9f80000,0x00000000da480000)
  to   space 5120K, 0% used [0x00000000d9a80000,0x00000000d9a80000,0x00000000d9f80000)
 ParOldGen       total 79360K, used 19972K [0x0000000080c00000, 0x0000000085980000, 0x00000000d5980000)
  object space 79360K, 25% used [0x0000000080c00000,0x0000000081f81290,0x0000000085980000)
 Metaspace       used 20675K, capacity 21152K, committed 21296K, reserved 1069056K
  class space    used 2409K, capacity 2560K, committed 2608K, reserved 1048576K
}
Event: 11.527 GC heap before
{Heap before GC invocations=6 (full 1):
 PSYoungGen      total 71680K, used 66560K [0x00000000d5980000, 0x00000000da480000, 0x0000000100000000)
  eden space 66560K, 100% used [0x00000000d5980000,0x00000000d9a80000,0x00000000d9a80000)
  from space 5120K, 0% used [0x00000000d9f80000,0x00000000d9f80000,0x00000000da480000)
  to   space 5120K, 0% used [0x00000000d9a80000,0x00000000d9a80000,0x00000000d9f80000)
 ParOldGen       total 79360K, used 19972K [0x0000000080c00000, 0x0000000085980000, 0x00000000d5980000)
  object space 79360K, 25% used [0x0000000080c00000,0x0000000081f81290,0x0000000085980000)
 Metaspace       used 24832K, capacity 25372K, committed 25648K, reserved 1071104K
  class space    used 2905K, capacity 3092K, committed 3120K, reserved 1048576K
Event: 11.537 GC heap after
Heap after GC invocations=6 (full 1):
 PSYoungGen      total 71680K, used 5088K [0x00000000d5980000, 0x00000000dd900000, 0x0000000100000000)
  eden space 66560K, 0% used [0x00000000d5980000,0x00000000d5980000,0x00000000d9a80000)
  from space 5120K, 99% used [0x00000000d9a80000,0x00000000d9f78020,0x00000000d9f80000)
  to   space 16384K, 0% used [0x00000000dc900000,0x00000000dc900000,0x00000000dd900000)
 ParOldGen       total 79360K, used 27648K [0x0000000080c00000, 0x0000000085980000, 0x00000000d5980000)
  object space 79360K, 34% used [0x0000000080c00000,0x0000000082700160,0x0000000085980000)
 Metaspace       used 24832K, capacity 25372K, committed 25648K, reserved 1071104K
  class space    used 2905K, capacity 3092K, committed 3120K, reserved 1048576K
}
Event: 11.890 GC heap before
{Heap before GC invocations=7 (full 1):
 PSYoungGen      total 71680K, used 71648K [0x00000000d5980000, 0x00000000dd900000, 0x0000000100000000)
  eden space 66560K, 100% used [0x00000000d5980000,0x00000000d9a80000,0x00000000d9a80000)
  from space 5120K, 99% used [0x00000000d9a80000,0x00000000d9f78020,0x00000000d9f80000)
  to   space 16384K, 0% used [0x00000000dc900000,0x00000000dc900000,0x00000000dd900000)
 ParOldGen       total 79360K, used 27648K [0x0000000080c00000, 0x0000000085980000, 0x00000000d5980000)
  object space 79360K, 34% used [0x0000000080c00000,0x0000000082700160,0x0000000085980000)
 Metaspace       used 24865K, capacity 25386K, committed 25648K, reserved 1071104K
  class space    used 2908K, capacity 3094K, committed 3120K, reserved 1048576K
Event: 11.900 GC heap after
Heap after GC invocations=7 (full 1):
 PSYoungGen      total 111616K, used 15763K [0x00000000d5980000, 0x00000000dde80000, 0x0000000100000000)
  eden space 95232K, 0% used [0x00000000d5980000,0x00000000d5980000,0x00000000db680000)
  from space 16384K, 96% used [0x00000000dc900000,0x00000000dd864c80,0x00000000dd900000)
  to   space 18944K, 0% used [0x00000000db680000,0x00000000db680000,0x00000000dc900000)
 ParOldGen       total 79360K, used 27656K [0x0000000080c00000, 0x0000000085980000, 0x00000000d5980000)
  object space 79360K, 34% used [0x0000000080c00000,0x0000000082702160,0x0000000085980000)
 Metaspace       used 24865K, capacity 25386K, committed 25648K, reserved 1071104K
  class space    used 2908K, capacity 3094K, committed 3120K, reserved 1048576K
}

Deoptimization events (10 events):
Event: 10.993 Thread 0x000000001a2cd000 Uncommon trap: reason=class_check action=maybe_recompile pc=0x00000000037839a8 method=sun.misc.URLClassPath.getResource(Ljava/lang/String;Z)Lsun/misc/Resource; @ 53
Event: 10.994 Thread 0x000000001a2cd000 Uncommon trap: reason=unloaded action=reinterpret pc=0x0000000003c5fa04 method=com.sun.beans.TypeResolver.resolve(Ljava/lang/reflect/Type;Ljava/lang/reflect/Type;)Ljava/lang/reflect/Type; @ 175
Event: 10.996 Thread 0x000000001a2cd000 Uncommon trap: reason=class_check action=maybe_recompile pc=0x00000000037839a8 method=sun.misc.URLClassPath.getResource(Ljava/lang/String;Z)Lsun/misc/Resource; @ 53
Event: 10.999 Thread 0x000000001a2cd000 Uncommon trap: reason=class_check action=maybe_recompile pc=0x00000000037839a8 method=sun.misc.URLClassPath.getResource(Ljava/lang/String;Z)Lsun/misc/Resource; @ 53
Event: 11.436 Thread 0x000000001a2cd000 Uncommon trap: reason=unloaded action=reinterpret pc=0x000000000386d324 method=org.apache.tomcat.util.bcel.classfile.Constant.readConstant(Ljava/io/DataInput;)Lorg/apache/tomcat/util/bcel/classfile/Constant; @ 114
Event: 11.797 Thread 0x000000001a2cd000 Uncommon trap: reason=unloaded action=reinterpret pc=0x0000000003db254c method=org.apache.tomcat.util.bcel.classfile.Constant.readConstant(Ljava/io/DataInput;)Lorg/apache/tomcat/util/bcel/classfile/Constant; @ 132
Event: 12.124 Thread 0x000000001a2cd000 Uncommon trap: reason=class_check action=maybe_recompile pc=0x0000000003569dcc method=java.util.Properties$LineReader.readLine()I @ 62
Event: 12.133 Thread 0x000000001a2cd000 Uncommon trap: reason=class_check action=maybe_recompile pc=0x0000000003569dcc method=java.util.Properties$LineReader.readLine()I @ 62
Event: 12.134 Thread 0x000000001a2cd000 Uncommon trap: reason=unreached action=reinterpret pc=0x0000000003594d28 method=java.lang.AbstractStringBuilder.append(Ljava/lang/String;)Ljava/lang/AbstractStringBuilder; @ 1
Event: 12.134 Thread 0x000000001a2cd000 Uncommon trap: reason=unreached action=reinterpret pc=0x0000000003563f84 method=java.lang.AbstractStringBuilder.append(Ljava/lang/String;)Ljava/lang/AbstractStringBuilder; @ 1

Internal exceptions (10 events):
Event: 12.229 Thread 0x0000000003183000 Exception <a 'java/security/PrivilegedActionException'> (0x00000000d7f63ce0) thrown at [D:\re\workspace\8-2-build-windows-amd64-cygwin\jdk8u25\1677\hotspot\src\share\vm\prims\jvm.cpp, line 1312]
Event: 12.229 Thread 0x0000000003183000 Exception <a 'java/security/PrivilegedActionException'> (0x00000000d7f65d10) thrown at [D:\re\workspace\8-2-build-windows-amd64-cygwin\jdk8u25\1677\hotspot\src\share\vm\prims\jvm.cpp, line 1312]
Event: 12.229 Thread 0x0000000003183000 Exception <a 'java/security/PrivilegedActionException'> (0x00000000d7f66710) thrown at [D:\re\workspace\8-2-build-windows-amd64-cygwin\jdk8u25\1677\hotspot\src\share\vm\prims\jvm.cpp, line 1312]
Event: 12.229 Thread 0x0000000003183000 Exception <a 'java/security/PrivilegedActionException'> (0x00000000d7f68740) thrown at [D:\re\workspace\8-2-build-windows-amd64-cygwin\jdk8u25\1677\hotspot\src\share\vm\prims\jvm.cpp, line 1312]
Event: 12.229 Thread 0x0000000003183000 Exception <a 'java/lang/ClassNotFoundException': org/akhikhl/gretty/ServerStartEventCustomizer> (0x00000000d7f68b10) thrown at [D:\re\workspace\8-2-build-windows-amd64-cygwin\jdk8u25\1677\hotspot\src\share\vm\classfile\systemDictionary.cpp, line 202]
Event: 12.231 Thread 0x0000000003183000 Exception <a 'java/security/PrivilegedActionException'> (0x00000000d7f71e60) thrown at [D:\re\workspace\8-2-build-windows-amd64-cygwin\jdk8u25\1677\hotspot\src\share\vm\prims\jvm.cpp, line 1312]
Event: 12.231 Thread 0x0000000003183000 Exception <a 'java/security/PrivilegedActionException'> (0x00000000d7f7e0c0) thrown at [D:\re\workspace\8-2-build-windows-amd64-cygwin\jdk8u25\1677\hotspot\src\share\vm\prims\jvm.cpp, line 1312]
Event: 12.233 Thread 0x0000000003183000 Exception <a 'java/security/PrivilegedActionException'> (0x00000000d7f82168) thrown at [D:\re\workspace\8-2-build-windows-amd64-cygwin\jdk8u25\1677\hotspot\src\share\vm\prims\jvm.cpp, line 1312]
Event: 12.233 Thread 0x0000000003183000 Exception <a 'java/security/PrivilegedActionException'> (0x00000000d7f86f28) thrown at [D:\re\workspace\8-2-build-windows-amd64-cygwin\jdk8u25\1677\hotspot\src\share\vm\prims\jvm.cpp, line 1312]
Event: 12.233 Thread 0x0000000003183000 Exception <a 'java/security/PrivilegedActionException'> (0x00000000d7f8b448) thrown at [D:\re\workspace\8-2-build-windows-amd64-cygwin\jdk8u25\1677\hotspot\src\share\vm\prims\jvm.cpp, line 1312]

Events (10 events):
Event: 12.233 Thread 0x0000000017f6b800 flushing nmethod 0x0000000003bbe510
Event: 12.233 loading class groovy/json/internal/SimpleCache$InternalCacheLinkedList
Event: 12.233 loading class groovy/json/internal/SimpleCache$InternalCacheLinkedList done
Event: 12.293 Executing VM operation: RevokeBias
Event: 12.293 Executing VM operation: RevokeBias done
Event: 12.293 Thread 0x000000001bc5a000 Thread exited: 0x000000001bc5a000
Event: 12.402 Thread 0x000000001a09a000 Thread added: 0x000000001a09a000
Event: 12.451 Executing VM operation: RevokeBias
Event: 12.451 Executing VM operation: RevokeBias done
Event: 12.451 Thread 0x000000001bf0c800 Thread exited: 0x000000001bf0c800


Dynamic libraries:
0x00007ff636a50000 - 0x00007ff636a84000 	C:\Program Files\Java\jdk1.8.0_25\bin\java.exe
0x00007ff901f90000 - 0x00007ff902161000 	C:\WINDOWS\SYSTEM32\ntdll.dll
0x00007ff901da0000 - 0x00007ff901e4b000 	C:\WINDOWS\System32\KERNEL32.DLL
0x00007ff8fe5a0000 - 0x00007ff8fe7bd000 	C:\WINDOWS\System32\KERNELBASE.dll
0x00007ff901c30000 - 0x00007ff901cd2000 	C:\WINDOWS\System32\ADVAPI32.dll
0x00007ff8ffd70000 - 0x00007ff8ffe0e000 	C:\WINDOWS\System32\msvcrt.dll
0x00007ff8ffd10000 - 0x00007ff8ffd69000 	C:\WINDOWS\System32\sechost.dll
0x00007ff901e50000 - 0x00007ff901f71000 	C:\WINDOWS\System32\RPCRT4.dll
0x00007ff901650000 - 0x00007ff9017b5000 	C:\WINDOWS\System32\USER32.dll
0x00007ff8fe4d0000 - 0x00007ff8fe4ee000 	C:\WINDOWS\System32\win32u.dll
0x00007ff8ff500000 - 0x00007ff8ff534000 	C:\WINDOWS\System32\GDI32.dll
0x00007ff8ff0c0000 - 0x00007ff8ff242000 	C:\WINDOWS\System32\gdi32full.dll
0x00007ff8f47c0000 - 0x00007ff8f4a39000 	C:\WINDOWS\WinSxS\amd64_microsoft.windows.common-controls_6595b64144ccf1df_6.0.14393.447_none_42191651c6827bb3\COMCTL32.dll
0x00007ff901860000 - 0x00007ff901b28000 	C:\WINDOWS\System32\combase.dll
0x00007ff8ff400000 - 0x00007ff8ff4f5000 	C:\WINDOWS\System32\ucrtbase.dll
0x00007ff8fe460000 - 0x00007ff8fe4ca000 	C:\WINDOWS\System32\bcryptPrimitives.dll
0x00007ff901830000 - 0x00007ff90185e000 	C:\WINDOWS\System32\IMM32.DLL
0x0000000055300000 - 0x00000000553d2000 	C:\Program Files\Java\jdk1.8.0_25\jre\bin\msvcr100.dll
0x0000000051eb0000 - 0x000000005270a000 	C:\Program Files\Java\jdk1.8.0_25\jre\bin\server\jvm.dll
0x00007ff901f80000 - 0x00007ff901f88000 	C:\WINDOWS\System32\PSAPI.DLL
0x00007ff8f5390000 - 0x00007ff8f5399000 	C:\WINDOWS\SYSTEM32\WSOCK32.dll
0x00007ff8ffe30000 - 0x00007ff8ffe9a000 	C:\WINDOWS\System32\WS2_32.dll
0x00007ff8fbce0000 - 0x00007ff8fbd03000 	C:\WINDOWS\SYSTEM32\WINMM.dll
0x00007ff8fbc80000 - 0x00007ff8fbcab000 	C:\WINDOWS\SYSTEM32\WINMMBASE.dll
0x00007ff8fe7c0000 - 0x00007ff8fe802000 	C:\WINDOWS\System32\cfgmgr32.dll
0x00000000552f0000 - 0x00000000552ff000 	C:\Program Files\Java\jdk1.8.0_25\jre\bin\verify.dll
0x00000000552c0000 - 0x00000000552e8000 	C:\Program Files\Java\jdk1.8.0_25\jre\bin\java.dll
0x00000000552a0000 - 0x00000000552b6000 	C:\Program Files\Java\jdk1.8.0_25\jre\bin\zip.dll
0x00007ff900000000 - 0x00007ff901509000 	C:\WINDOWS\System32\SHELL32.dll
0x00007ff8fe9e0000 - 0x00007ff8ff0ba000 	C:\WINDOWS\System32\windows.storage.dll
0x00007ff8fe410000 - 0x00007ff8fe45c000 	C:\WINDOWS\System32\powrprof.dll
0x00007ff8ffcb0000 - 0x00007ff8ffd02000 	C:\WINDOWS\System32\shlwapi.dll
0x00007ff8fe3d0000 - 0x00007ff8fe3df000 	C:\WINDOWS\System32\kernel.appcore.dll
0x00007ff8ff350000 - 0x00007ff8ff3f9000 	C:\WINDOWS\System32\shcore.dll
0x00007ff8fe3e0000 - 0x00007ff8fe3f4000 	C:\WINDOWS\System32\profapi.dll
0x0000000055280000 - 0x000000005529a000 	C:\Program Files\Java\jdk1.8.0_25\jre\bin\net.dll
0x00007ff8fdcd0000 - 0x00007ff8fdd2c000 	C:\WINDOWS\system32\mswsock.dll
0x00007ff8fb5e0000 - 0x00007ff8fb5f8000 	C:\WINDOWS\system32\NLAapi.dll
0x00007ff8ec900000 - 0x00007ff8ec916000 	C:\WINDOWS\system32\napinsp.dll
0x00007ff8ec8e0000 - 0x00007ff8ec8fa000 	C:\WINDOWS\system32\pnrpnsp.dll
0x00007ff8fdaa0000 - 0x00007ff8fdb40000 	C:\WINDOWS\SYSTEM32\DNSAPI.dll
0x00007ff9017c0000 - 0x00007ff9017c8000 	C:\WINDOWS\System32\NSI.dll
0x00007ff8fda60000 - 0x00007ff8fda98000 	C:\WINDOWS\SYSTEM32\IPHLPAPI.DLL
0x00007ff8ec8d0000 - 0x00007ff8ec8de000 	C:\WINDOWS\System32\winrnr.dll
0x00000000542e0000 - 0x0000000054306000 	C:\Program Files\Bonjour\mdnsNSP.dll
0x00007ff8efbe0000 - 0x00007ff8efbea000 	C:\Windows\System32\rasadhlp.dll
0x00007ff8f8a30000 - 0x00007ff8f8a9a000 	C:\WINDOWS\System32\fwpuclnt.dll
0x00007ff8fe310000 - 0x00007ff8fe33b000 	C:\WINDOWS\SYSTEM32\bcrypt.dll
0x0000000055250000 - 0x000000005525d000 	C:\Program Files\Java\jdk1.8.0_25\jre\bin\management.dll
0x0000000055260000 - 0x0000000055271000 	C:\Program Files\Java\jdk1.8.0_25\jre\bin\nio.dll
0x00007ff8fde80000 - 0x00007ff8fde97000 	C:\WINDOWS\SYSTEM32\CRYPTSP.dll
0x00007ff8fd8e0000 - 0x00007ff8fd913000 	C:\WINDOWS\system32\rsaenh.dll
0x00007ff8fdb50000 - 0x00007ff8fdb6f000 	C:\WINDOWS\SYSTEM32\USERENV.dll
0x00007ff8fde70000 - 0x00007ff8fde7b000 	C:\WINDOWS\SYSTEM32\CRYPTBASE.dll
0x0000000055220000 - 0x0000000055244000 	C:\Program Files\Java\jdk1.8.0_25\jre\bin\sunec.dll
0x00007ff8f8ed0000 - 0x00007ff8f8ee6000 	C:\WINDOWS\SYSTEM32\dhcpcsvc6.DLL
0x00007ff8f8eb0000 - 0x00007ff8f8eca000 	C:\WINDOWS\SYSTEM32\dhcpcsvc.DLL
0x00007ff8f28a0000 - 0x00007ff8f2a32000 	C:\WINDOWS\SYSTEM32\dbghelp.dll

VM Arguments:
jvm_args: -Djava.security.egd=file:/dev/./urandom -Dfile.encoding=GBK -Duser.country=CN -Duser.language=zh -Duser.variant 
java_command: org.akhikhl.gretty.Runner --servicePort=55085 --statusPort=55086 --serverManagerFactory=org.akhikhl.gretty.ServerManagerFactory
java_class_path (initial): C:\Users\Administrator\.gradle\caches\modules-2\files-2.1\org.akhikhl.gretty\gretty-runner-tomcat8\1.2.4\9e27791cc4dbc4a98a55987b1696d88699a9fe9d\gretty-runner-tomcat8-1.2.4.jar;C:\Users\Administrator\.gradle\caches\modules-2\files-2.1\org.akhikhl.gretty\gretty-runner-tomcat\1.2.4\684a21495f5f9c71dab0e7755c074f74716cd966\gretty-runner-tomcat-1.2.4.jar;C:\Users\Administrator\.gradle\caches\modules-2\files-2.1\org.apache.tomcat.embed\tomcat-embed-jasper\8.0.23\6119e0c41a0685540b874ee76b469fc2e8a0b9c4\tomcat-embed-jasper-8.0.23.jar;C:\Users\Administrator\.gradle\caches\modules-2\files-2.1\org.apache.tomcat.embed\tomcat-embed-el\8.0.23\5a1ca084156665968232112b6606c0b259213aab\tomcat-embed-el-8.0.23.jar;C:\Users\Administrator\.gradle\caches\modules-2\files-2.1\org.apache.tomcat.embed\tomcat-embed-core\8.0.23\79dc3aea4f447392ab0bdc1359c31a931cd307d6\tomcat-embed-core-8.0.23.jar;C:\Users\Administrator\.gradle\caches\modules-2\files-2.1\org.apache.tomcat.embed\tomcat-embed-websocket\8.0.23\839167a26dec5dcef85fb19e2e429878b7215293\tomcat-embed-websocket-8.0.23.jar;C:\Users\Administrator\.gradle\caches\modules-2\files-2.1\javax.servlet\javax.servlet-api\3.1.0\3cd63d075497751784b2fa84be59432f4905bf7c\javax.servlet-api-3.1.0.jar;C:\Users\Administrator\.gradle\caches\modules-2\files-2.1\org.apache.tomcat.embed\tomcat-embed-logging-log4j\8.0.23\2fb320eef46f9833f727220e7d7db5cfcfcc815c\tomcat-embed-logging-log4j-8.0.23.jar;C:\Users\Administrator\.gradle\caches\modules-2\files-2.1\org.slf4j\log4j-over-slf4j\1.7.12\d2444c9c7c1923304c25f86c5ee83a79a8166205\log4j-over-slf4j-1.7.12.jar;C:\Users\Administrator\.gradle\caches\modules-2\files-2.1\org.akhikhl.gretty\gretty-runner\1.2.4\50723962cab2246f6fdaa256a27e90181bb03815\gretty-runner-1.2.4.jar;C:\Users\Administrator\.gradle\caches\modules-2\files-2.1\org.eclipse.jdt.core.compiler\ecj\4.4.2\71d67f5bab9465ec844596ef844f40902ae25392\ecj-4.4.2.jar;C:\Users\Administrator\.gradle\caches\modules-2\files-2.1\org.s
Launcher Type: SUN_STANDARD

Environment Variables:
JAVA_HOME=C:\Program Files\Java\jdk1.8.0_25
CLASSPATH=.;C:\Program Files\Java\jdk1.8.0_25\lib\dt.jar;C:\Program Files\Java\jdk1.8.0_25\lib\tools.jar;
PATH=C:/Program Files/Java/jre1.8.0_25/bin/server;C:/Program Files/Java/jre1.8.0_25/bin;C:/Program Files/Java/jre1.8.0_25/lib/amd64;C:\ProgramData\Oracle\Java\javapath;C:\Program Files (x86)\Intel\iCLS Client\;C:\Program Files\Intel\iCLS Client\;C:\Program Files (x86)\NVIDIA Corporation\PhysX\Common;C:\WINDOWS\system32;C:\WINDOWS;C:\WINDOWS\System32\Wbem;C:\WINDOWS\System32\WindowsPowerShell\v1.0\;C:\Program Files\Intel\Intel(R) Management Engine Components\DAL;C:\Program Files\Intel\Intel(R) Management Engine Components\IPT;C:\Program Files (x86)\Intel\Intel(R) Management Engine Components\DAL;C:\Program Files (x86)\Intel\Intel(R) Management Engine Components\IPT;C:\Program Files\Microsoft\Web Platform Installer\;C:\Program Files (x86)\Microsoft ASP.NET\ASP.NET Web Pages\v1.0\;C:\Program Files\Microsoft SQL Server\110\Tools\Binn\;C:\Program Files (x86)\Microsoft SQL Server\100\Tools\Binn\;C:\Program Files\Microsoft SQL Server\100\Tools\Binn\;C:\Program Files\Microsoft SQL Server\100\DTS\Binn\;C:\Program Files (x86)\Microsoft SQL Server\100\Tools\Binn\VSShell\Common7\IDE\;C:\Program Files (x86)\Microsoft SQL Server\100\DTS\Binn\;C:\Program Files\Java\jdk1.8.0_25\bin;C:\Program Files\Java\jdk1.8.0_25\jre\bin;C:\Python27;C:\Python27\Scripts;C:\gradle-3.2.1\bin;C:\Program Files (x86)\MySQL\MySQL Fabric 1.5 & MySQL Utilities 1.5\;C:\Program Files (x86)\MySQL\MySQL Fabric 1.5 & MySQL Utilities 1.5\Doctrine extensions for PHP\;C:\Program Files\TortoiseSVN\bin;C:\Program Files\Git\cmd;C:\Program Files\TortoiseGit\bin;;C:\Program Files (x86)\Microsoft VS Code\bin;C:\Users\Administrator\AppData\Local\Microsoft\WindowsApps;C:\eclipse;
USERNAME=Administrator
OS=Windows_NT
PROCESSOR_IDENTIFIER=Intel64 Family 6 Model 60 Stepping 3, GenuineIntel



---------------  S Y S T E M  ---------------

OS: Windows 8.1 , 64 bit Build 9600 

CPU:total 4 (4 cores per cpu, 1 threads per core) family 6 model 60 stepping 3, cmov, cx8, fxsr, mmx, sse, sse2, sse3, ssse3, sse4.1, sse4.2, popcnt, avx, avx2, aes, clmul, erms, lzcnt, tsc, tscinvbit, bmi1, bmi2

Memory: 4k page, physical 8334432k(2065032k free), swap 8334432k(4752k free)

vm_info: Java HotSpot(TM) 64-Bit Server VM (25.25-b02) for windows-amd64 JRE (1.8.0_25-b18), built on Oct  7 2014 14:25:37 by "java_re" with MS VC++ 10.0 (VS2010)

time: Wed Mar 29 08:46:46 2017
elapsed time: 12 seconds (0d 0h 0m 12s)

